\BOOKMARK [0][-]{toc.0}{Inhaltsverzeichnis}{}% 1
\BOOKMARK [0][-]{chapter*.6}{Abbildungsverzeichnis}{}% 2
\BOOKMARK [0][-]{chapter*.7}{Tabellenverzeichnis}{}% 3
\BOOKMARK [0][-]{section*.8}{Abk\374rzungsverzeichnis}{}% 4
\BOOKMARK [0][-]{chapter.1}{1 Einleitung}{}% 5
\BOOKMARK [0][-]{chapter.2}{2 Grundlagen}{}% 6
\BOOKMARK [1][-]{section.2.1}{2.1 Degradation}{chapter.2}% 7
\BOOKMARK [1][-]{section.2.2}{2.2 QT}{chapter.2}% 8
\BOOKMARK [1][-]{section.2.3}{2.3 RS232}{chapter.2}% 9
\BOOKMARK [1][-]{section.2.4}{2.4 Datenbank}{chapter.2}% 10
\BOOKMARK [0][-]{chapter.3}{3 Anforderungsanalyse}{}% 11
\BOOKMARK [0][-]{chapter.4}{4 Konzept}{}% 12
\BOOKMARK [1][-]{section.4.1}{4.1 Teststand}{chapter.4}% 13
\BOOKMARK [2][-]{subsection.4.1.1}{4.1.1 Mess-Slave}{section.4.1}% 14
\BOOKMARK [2][-]{subsection.4.1.2}{4.1.2 Mess-Master}{section.4.1}% 15
\BOOKMARK [2][-]{subsection.4.1.3}{4.1.3 PC Verwaltung}{section.4.1}% 16
\BOOKMARK [2][-]{subsection.4.1.4}{4.1.4 RS232 Protokoll}{section.4.1}% 17
\BOOKMARK [1][-]{section.4.2}{4.2 Datenbank}{chapter.4}% 18
\BOOKMARK [0][-]{chapter.5}{5 Testen und Validieren}{}% 19
\BOOKMARK [0][-]{section*.20}{Literaturverzeichnis}{}% 20
